2022-07-27 14:51:03,181 INFO o.a.j.u.JMeterUtils: Setting Locale to en_EN
2022-07-27 14:51:03,218 INFO o.a.j.JMeter: Loading user properties from: C:\Apps\JMeter\apache-jmeter-5.5\bin\user.properties
2022-07-27 14:51:03,218 INFO o.a.j.JMeter: Loading system properties from: C:\Apps\JMeter\apache-jmeter-5.5\bin\system.properties
2022-07-27 14:51:03,219 INFO o.a.j.JMeter: Setting System property: jmeter.protocol=http
2022-07-27 14:51:03,219 INFO o.a.j.JMeter: Setting System property: jmeter.serverName=192.168.0.206
2022-07-27 14:51:03,219 INFO o.a.j.JMeter: Setting System property: jmeter.dataFile=..\data\master-data.csv
2022-07-27 14:51:03,234 INFO o.a.j.JMeter: Copyright (c) 1998-2022 The Apache Software Foundation
2022-07-27 14:51:03,234 INFO o.a.j.JMeter: Version 5.5
2022-07-27 14:51:03,234 INFO o.a.j.JMeter: java.version=11.0.15
2022-07-27 14:51:03,235 INFO o.a.j.JMeter: java.vm.name=Java HotSpot(TM) 64-Bit Server VM
2022-07-27 14:51:03,235 INFO o.a.j.JMeter: os.name=Windows 10
2022-07-27 14:51:03,235 INFO o.a.j.JMeter: os.arch=amd64
2022-07-27 14:51:03,235 INFO o.a.j.JMeter: os.version=10.0
2022-07-27 14:51:03,235 INFO o.a.j.JMeter: file.encoding=Cp1252
2022-07-27 14:51:03,235 INFO o.a.j.JMeter: java.awt.headless=true
2022-07-27 14:51:03,235 INFO o.a.j.JMeter: Max memory     =1073741824
2022-07-27 14:51:03,235 INFO o.a.j.JMeter: Available Processors =4
2022-07-27 14:51:03,252 INFO o.a.j.JMeter: Default Locale=English (EN)
2022-07-27 14:51:03,253 INFO o.a.j.JMeter: JMeter  Locale=English (EN)
2022-07-27 14:51:03,253 INFO o.a.j.JMeter: JMeterHome=C:\Apps\JMeter\apache-jmeter-5.5
2022-07-27 14:51:03,253 INFO o.a.j.JMeter: user.dir  =E:\JMe-Jenkins
2022-07-27 14:51:03,253 INFO o.a.j.JMeter: PWD       =E:\JMe-Jenkins
2022-07-27 14:51:03,254 INFO o.a.j.JMeter: IP: 192.168.0.58 Name: DESKTOP-68UN0DI FullName: DESKTOP-68UN0DI
2022-07-27 14:51:03,280 INFO o.a.j.s.FileServer: Default base='E:\JMe-Jenkins'
2022-07-27 14:51:03,281 INFO o.a.j.s.FileServer: Set new base='E:\JMe-Jenkins\Add-API\Branch\scripts'
2022-07-27 14:51:03,598 INFO o.a.j.s.SaveService: Testplan (JMX) version: 2.2. Testlog (JTL) version: 2.2
2022-07-27 14:51:03,631 INFO o.a.j.s.SaveService: Using SaveService properties version 5.0
2022-07-27 14:51:03,635 INFO o.a.j.s.SaveService: Using SaveService properties file encoding UTF-8
2022-07-27 14:51:03,639 INFO o.a.j.s.SaveService: Loading file: E:\JMe-Jenkins\Add-API\Branch\scripts\add-branch.jmx
2022-07-27 14:51:03,907 INFO o.a.j.p.h.c.CookieManager: Settings: Delete null: true Check: true Allow variable: true Save: false Prefix: COOKIE_
2022-07-27 14:51:04,392 INFO o.a.j.p.h.s.HTTPSamplerBase: Parser for text/html is org.apache.jmeter.protocol.http.parser.LagartoBasedHtmlParser
2022-07-27 14:51:04,393 INFO o.a.j.p.h.s.HTTPSamplerBase: Parser for application/xhtml+xml is org.apache.jmeter.protocol.http.parser.LagartoBasedHtmlParser
2022-07-27 14:51:04,393 INFO o.a.j.p.h.s.HTTPSamplerBase: Parser for application/xml is org.apache.jmeter.protocol.http.parser.LagartoBasedHtmlParser
2022-07-27 14:51:04,393 INFO o.a.j.p.h.s.HTTPSamplerBase: Parser for text/xml is org.apache.jmeter.protocol.http.parser.LagartoBasedHtmlParser
2022-07-27 14:51:04,393 INFO o.a.j.p.h.s.HTTPSamplerBase: Parser for text/vnd.wap.wml is org.apache.jmeter.protocol.http.parser.RegexpHTMLParser
2022-07-27 14:51:04,393 INFO o.a.j.p.h.s.HTTPSamplerBase: Parser for text/css is org.apache.jmeter.protocol.http.parser.CssParser
2022-07-27 14:51:04,466 INFO o.a.j.c.IncludeController: loadIncludedElements -- try to load included module: C:\Apps\Jen-Git\JMe-Git-Jen\Add-API\Login\scripts\instant-token.jmx
2022-07-27 14:51:04,466 INFO o.a.j.s.SaveService: Loading file: C:\Apps\Jen-Git\JMe-Git-Jen\Add-API\Login\scripts\instant-token.jmx
2022-07-27 14:51:04,506 INFO o.a.j.c.IncludeController: loadIncludedElements -- try to load included module: C:\Apps\Jen-Git\JMe-Git-Jen\Add-API\Login\scripts\instant-token.jmx
2022-07-27 14:51:04,506 INFO o.a.j.s.SaveService: Loading file: C:\Apps\Jen-Git\JMe-Git-Jen\Add-API\Login\scripts\instant-token.jmx
2022-07-27 14:51:04,552 INFO o.a.j.c.IncludeController: loadIncludedElements -- try to load included module: C:\Apps\Jen-Git\JMe-Git-Jen\Add-API\Login\scripts\instant-token.jmx
2022-07-27 14:51:04,552 INFO o.a.j.s.SaveService: Loading file: C:\Apps\Jen-Git\JMe-Git-Jen\Add-API\Login\scripts\instant-token.jmx
2022-07-27 14:51:04,601 INFO o.a.j.JMeter: Creating summariser <summary>
2022-07-27 14:51:04,622 INFO o.a.j.e.StandardJMeterEngine: Running the test!
2022-07-27 14:51:04,623 INFO o.a.j.s.SampleEvent: List of sample_variables: []
2022-07-27 14:51:04,623 INFO o.a.j.s.SampleEvent: List of sample_variables: []
2022-07-27 14:51:04,642 INFO o.a.j.e.u.CompoundVariable: Note: Function class names must contain the string: '.functions.'
2022-07-27 14:51:04,642 INFO o.a.j.e.u.CompoundVariable: Note: Function class names must not contain the string: '.gui.'
2022-07-27 14:51:04,916 INFO o.a.j.JMeter: Running test (1658913664915)
2022-07-27 14:51:04,943 INFO o.a.j.e.StandardJMeterEngine: Starting ThreadGroup: 1 : [TG]Axon-Master
2022-07-27 14:51:04,944 INFO o.a.j.e.StandardJMeterEngine: Starting 1 threads for group [TG]Axon-Master.
2022-07-27 14:51:04,944 INFO o.a.j.e.StandardJMeterEngine: Thread will continue on error
2022-07-27 14:51:04,944 INFO o.a.j.t.ThreadGroup: Starting thread group... number=1 threads=1 ramp-up=1 delayedStart=false
2022-07-27 14:51:04,951 INFO o.a.j.c.IncludeController: loadIncludedElements -- try to load included module: C:\Apps\Jen-Git\JMe-Git-Jen\Add-API\Login\scripts\instant-token.jmx
2022-07-27 14:51:04,951 INFO o.a.j.s.SaveService: Loading file: C:\Apps\Jen-Git\JMe-Git-Jen\Add-API\Login\scripts\instant-token.jmx
2022-07-27 14:51:05,015 INFO o.a.j.t.ThreadGroup: Started thread group number 1
2022-07-27 14:51:05,016 INFO o.a.j.e.StandardJMeterEngine: All thread groups have been started
2022-07-27 14:51:05,084 INFO o.a.j.t.JMeterThread: Thread started: [TG]Axon-Master 1-1
2022-07-27 14:51:05,089 INFO o.a.j.s.SampleResult: Note: Sample TimeStamps are START times
2022-07-27 14:51:05,089 INFO o.a.j.s.SampleResult: sampleresult.default.encoding is set to ISO-8859-1
2022-07-27 14:51:05,089 INFO o.a.j.s.SampleResult: sampleresult.useNanoTime=true
2022-07-27 14:51:05,090 INFO o.a.j.s.SampleResult: sampleresult.nanoThreadSleep=5000
2022-07-27 14:51:05,110 INFO o.a.j.u.BeanShellTestElement: Failed to delete the file
2022-07-27 14:51:05,115 INFO o.a.j.r.Summariser: summary +      1 in 00:00:00 =    5.1/s Avg:    20 Min:    20 Max:    20 Err:     0 (0.00%) Active: 1 Started: 1 Finished: 0
2022-07-27 14:51:05,140 INFO o.a.j.p.h.s.HTTPHCAbstractImpl: Local host = DESKTOP-68UN0DI
2022-07-27 14:51:05,150 INFO o.a.j.p.h.s.HTTPHC4Impl: HTTP request retry count = 0
2022-07-27 14:51:05,370 INFO o.a.j.s.FileServer: Stored: ..\data\master-data.csv
2022-07-27 14:51:09,676 INFO o.a.j.t.JMeterThread: Stop Thread seen for thread [TG]Axon-Master 1-1, reason: org.apache.jorphan.util.JMeterStopThreadException: End of file:..\data\master-data.csv detected for CSV DataSet:DataFile configured with stopThread:true, recycle:false
2022-07-27 14:51:09,676 INFO o.a.j.t.JMeterThread: Thread finished: [TG]Axon-Master 1-1
2022-07-27 14:51:09,683 INFO o.a.j.e.StandardJMeterEngine: Notifying test listeners of end of test
2022-07-27 14:51:09,685 INFO o.a.j.s.FileServer: Close: ..\data\master-data.csv
2022-07-27 14:51:09,701 INFO o.a.j.r.Summariser: summary +    326 in 00:00:05 =   71.1/s Avg:     9 Min:     0 Max:   253 Err:    24 (7.36%) Active: 0 Started: 1 Finished: 1
2022-07-27 14:51:09,702 INFO o.a.j.r.Summariser: summary =    327 in 00:00:05 =   68.3/s Avg:     9 Min:     0 Max:   253 Err:    24 (7.34%)
